#
# There is insufficient memory for the Java Runtime Environment to continue.
# Native memory allocation (mmap) failed to map 257949696 bytes for G1 virtual space
# Possible reasons:
#   The system is out of physical RAM or swap space
#   The process is running with CompressedOops enabled, and the Java Heap may be blocking the growth of the native heap
# Possible solutions:
#   Reduce memory load on the system
#   Increase physical memory or swap space
#   Check if swap backing store is full
#   Decrease Java heap size (-Xmx/-Xms)
#   Decrease number of Java threads
#   Decrease Java thread stack sizes (-Xss)
#   Set larger code cache with -XX:ReservedCodeCacheSize=
#   JVM is running with Zero Based Compressed Oops mode in which the Java heap is
#     placed in the first 32GB address space. The Java Heap base address is the
#     maximum limit for the native heap growth. Please use -XX:HeapBaseMinAddress
#     to set the Java Heap base and to place the Java Heap above 32GB virtual address.
# This output file may be truncated or incomplete.
#
#  Out of Memory Error (os_windows.cpp:3613), pid=6204, tid=41324
#
# JRE version:  (17.0.10+7) (build )
# Java VM: OpenJDK 64-Bit Server VM (17.0.10+7-adhoc..jdk17u, mixed mode, emulated-client, sharing, tiered, compressed oops, compressed class ptrs, g1 gc, windows-amd64)
# No core dump will be written. Minidumps are not enabled by default on client versions of Windows
#

---------------  S U M M A R Y ------------

Command Line: -XX:TieredStopAtLevel=1 -Dspring.output.ansi.enabled=always -Dcom.sun.management.jmxremote -Dspring.jmx.enabled=true -Dspring.liveBeansView.mbeanDomain -Dspring.application.admin.enabled=true -Dmanagement.endpoints.jmx.exposure.include=* -javaagent:E:\IDEA Enterprise\IntelliJ IDEA 2023.1\lib\idea_rt.jar=9673:E:\IDEA Enterprise\IntelliJ IDEA 2023.1\bin -Dfile.encoding=UTF-8 com.example.chatplatform.ChatPlatformApplication

Host: AMD Ryzen 5 5625U with Radeon Graphics         , 12 cores, 15G,  Windows 11 , 64 bit Build 22621 (10.0.22621.3672)
Time: Fri Aug  9 19:22:57 2024  Windows 11 , 64 bit Build 22621 (10.0.22621.3672) elapsed time: 0.032717 seconds (0d 0h 0m 0s)

---------------  T H R E A D  ---------------

Current thread (0x000002ccb0775380):  JavaThread "Unknown thread" [_thread_in_vm, id=41324, stack(0x000000f425400000,0x000000f425500000)]

Stack: [0x000000f425400000,0x000000f425500000]
Native frames: (J=compiled Java code, j=interpreted, Vv=VM code, C=native code)
V  [jvm.dll+0x67d6e9]
V  [jvm.dll+0x834dca]
V  [jvm.dll+0x83688e]
V  [jvm.dll+0x836ef3]
V  [jvm.dll+0x247bdf]
V  [jvm.dll+0x67a529]
V  [jvm.dll+0x66ef9a]
V  [jvm.dll+0x307a6b]
V  [jvm.dll+0x30ef16]
V  [jvm.dll+0x35ec3e]
V  [jvm.dll+0x35ee6f]
V  [jvm.dll+0x2de668]
V  [jvm.dll+0x2df5d4]
V  [jvm.dll+0x806661]
V  [jvm.dll+0x36caf1]
V  [jvm.dll+0x7e50f6]
V  [jvm.dll+0x3f033f]
V  [jvm.dll+0x3f1f71]
C  [jli.dll+0x528f]
C  [ucrtbase.dll+0x29333]
C  [KERNEL32.DLL+0x1257d]
C  [ntdll.dll+0x5af28]


---------------  P R O C E S S  ---------------

Threads class SMR info:
_java_thread_list=0x00007ffca6f7ee98, length=0, elements={
}

Java Threads: ( => current thread )

Other Threads:
  0x000002ccb07df490 GCTaskThread "GC Thread#0" [stack: 0x000000f425500000,0x000000f425600000] [id=37276]
  0x000002ccb07f1800 ConcurrentGCThread "G1 Main Marker" [stack: 0x000000f425600000,0x000000f425700000] [id=28408]
  0x000002ccb07f2120 ConcurrentGCThread "G1 Conc#0" [stack: 0x000000f425700000,0x000000f425800000] [id=26052]

[error occurred during error reporting (printing all threads), id 0xc0000005, EXCEPTION_ACCESS_VIOLATION (0xc0000005) at pc=0x00007ffca673f0a7]

VM state: not at safepoint (not fully initialized)

VM Mutex/Monitor currently owned by a thread:  ([mutex/lock_event])
[0x000002ccb0770490] Heap_lock - owner thread: 0x000002ccb0775380

Heap address: 0x000000070ae00000, size: 3922 MB, Compressed Oops mode: Zero based, Oop shift amount: 3

CDS archive(s) mapped at: [0x0000000000000000-0x0000000000000000-0x0000000000000000), size 0, SharedBaseAddress: 0x0000000800000000, ArchiveRelocationMode: 1.
Narrow klass base: 0x0000000000000000, Narrow klass shift: 0, Narrow klass range: 0x0

GC Precious Log:
<Empty>

Heap:
 garbage-first heap   total 0K, used 0K [0x000000070ae00000, 0x0000000800000000)
  region size 2048K, 0 young (0K), 0 survivors (0K)

[error occurred during error reporting (printing heap information), id 0xc0000005, EXCEPTION_ACCESS_VIOLATION (0xc0000005) at pc=0x00007ffca6b27359]

GC Heap History (0 events):
No events

Dll operation events (1 events):
Event: 0.023 Loaded shared library E:\jdk17\bin\java.dll

Deoptimization events (0 events):
No events

Classes unloaded (0 events):
No events

Classes redefined (0 events):
No events

Internal exceptions (0 events):
No events

VM Operations (0 events):
No events

Events (0 events):
No events


Dynamic libraries:
0x00007ff7b4780000 - 0x00007ff7b478e000 	E:\jdk17\bin\java.exe
0x00007ffd02c70000 - 0x00007ffd02e87000 	C:\WINDOWS\SYSTEM32\ntdll.dll
0x00007ffd01f40000 - 0x00007ffd02004000 	C:\WINDOWS\System32\KERNEL32.DLL
0x00007ffcfffd0000 - 0x00007ffd0037d000 	C:\WINDOWS\System32\KERNELBASE.dll
0x00007ffd007c0000 - 0x00007ffd008d1000 	C:\WINDOWS\System32\ucrtbase.dll
0x00007ffcfbbb0000 - 0x00007ffcfbbc7000 	E:\jdk17\bin\jli.dll
0x00007ffcfbb80000 - 0x00007ffcfbb9b000 	E:\jdk17\bin\VCRUNTIME140.dll
0x00007ffd018f0000 - 0x00007ffd01a9e000 	C:\WINDOWS\System32\USER32.dll
0x00007ffd008e0000 - 0x00007ffd00906000 	C:\WINDOWS\System32\win32u.dll
0x00007ffcedf10000 - 0x00007ffcee1a3000 	C:\WINDOWS\WinSxS\amd64_microsoft.windows.common-controls_6595b64144ccf1df_6.0.22621.3672_none_2713b9d173822955\COMCTL32.dll
0x00007ffd01aa0000 - 0x00007ffd01ac9000 	C:\WINDOWS\System32\GDI32.dll
0x00007ffd009b0000 - 0x00007ffd00a57000 	C:\WINDOWS\System32\msvcrt.dll
0x00007ffd00570000 - 0x00007ffd00689000 	C:\WINDOWS\System32\gdi32full.dll
0x00007ffd00910000 - 0x00007ffd009aa000 	C:\WINDOWS\System32\msvcp_win.dll
0x00007ffd00a60000 - 0x00007ffd00a91000 	C:\WINDOWS\System32\IMM32.DLL
0x00007ffcf9bd0000 - 0x00007ffcf9bdc000 	E:\jdk17\bin\vcruntime140_1.dll
0x00007ffce5a20000 - 0x00007ffce5aad000 	E:\jdk17\bin\msvcp140.dll
0x00007ffca6450000 - 0x00007ffca70b2000 	E:\jdk17\bin\server\jvm.dll
0x00007ffd00aa0000 - 0x00007ffd00b52000 	C:\WINDOWS\System32\ADVAPI32.dll
0x00007ffd02010000 - 0x00007ffd020b9000 	C:\WINDOWS\System32\sechost.dll
0x00007ffcfffa0000 - 0x00007ffcfffc8000 	C:\WINDOWS\System32\bcrypt.dll
0x00007ffd020c0000 - 0x00007ffd021d4000 	C:\WINDOWS\System32\RPCRT4.dll
0x00007ffc92740000 - 0x00007ffc92749000 	C:\WINDOWS\SYSTEM32\WSOCK32.dll
0x00007ffcff070000 - 0x00007ffcff0bd000 	C:\WINDOWS\SYSTEM32\POWRPROF.dll
0x00007ffcf9790000 - 0x00007ffcf97c4000 	C:\WINDOWS\SYSTEM32\WINMM.dll
0x00007ffcf7410000 - 0x00007ffcf741a000 	C:\WINDOWS\SYSTEM32\VERSION.dll
0x00007ffd028e0000 - 0x00007ffd02951000 	C:\WINDOWS\System32\WS2_32.dll
0x00007ffcfefb0000 - 0x00007ffcfefc3000 	C:\WINDOWS\SYSTEM32\UMPDC.dll
0x00007ffcff0c0000 - 0x00007ffcff0d8000 	C:\WINDOWS\SYSTEM32\kernel.appcore.dll
0x00007ffcf9860000 - 0x00007ffcf986a000 	E:\jdk17\bin\jimage.dll
0x00007ffcfd930000 - 0x00007ffcfdb62000 	C:\WINDOWS\SYSTEM32\DBGHELP.DLL
0x00007ffd01450000 - 0x00007ffd017d8000 	C:\WINDOWS\System32\combase.dll
0x00007ffd01e50000 - 0x00007ffd01f27000 	C:\WINDOWS\System32\OLEAUT32.dll
0x00007ffce6100000 - 0x00007ffce6132000 	C:\WINDOWS\SYSTEM32\dbgcore.DLL
0x00007ffd00380000 - 0x00007ffd003fb000 	C:\WINDOWS\System32\bcryptPrimitives.dll
0x00007ffce5c60000 - 0x00007ffce5c6e000 	E:\jdk17\bin\instrument.dll
0x00007ffcf55d0000 - 0x00007ffcf55f5000 	E:\jdk17\bin\java.dll

dbghelp: loaded successfully - version: 4.0.5 - missing functions: none
symbol engine: initialized successfully - sym options: 0x614 - pdb path: .;E:\jdk17\bin;C:\WINDOWS\SYSTEM32;C:\WINDOWS\WinSxS\amd64_microsoft.windows.common-controls_6595b64144ccf1df_6.0.22621.3672_none_2713b9d173822955;E:\jdk17\bin\server

VM Arguments:
jvm_args: -XX:TieredStopAtLevel=1 -Dspring.output.ansi.enabled=always -Dcom.sun.management.jmxremote -Dspring.jmx.enabled=true -Dspring.liveBeansView.mbeanDomain -Dspring.application.admin.enabled=true -Dmanagement.endpoints.jmx.exposure.include=* -javaagent:E:\IDEA Enterprise\IntelliJ IDEA 2023.1\lib\idea_rt.jar=9673:E:\IDEA Enterprise\IntelliJ IDEA 2023.1\bin -Dfile.encoding=UTF-8 
java_command: com.example.chatplatform.ChatPlatformApplication
java_class_path (initial): D:\Documents\SpringBoot\projects\ChatBackground\ChatPlatform\target\classes;C:\Users\archi\.m2\repository\org\springframework\boot\spring-boot-starter-data-redis\3.3.2\spring-boot-starter-data-redis-3.3.2.jar;C:\Users\archi\.m2\repository\org\springframework\boot\spring-boot-starter\3.3.2\spring-boot-starter-3.3.2.jar;C:\Users\archi\.m2\repository\org\springframework\boot\spring-boot\3.3.2\spring-boot-3.3.2.jar;C:\Users\archi\.m2\repository\org\springframework\boot\spring-boot-autoconfigure\3.3.2\spring-boot-autoconfigure-3.3.2.jar;C:\Users\archi\.m2\repository\org\springframework\boot\spring-boot-starter-logging\3.3.2\spring-boot-starter-logging-3.3.2.jar;C:\Users\archi\.m2\repository\ch\qos\logback\logback-classic\1.5.6\logback-classic-1.5.6.jar;C:\Users\archi\.m2\repository\ch\qos\logback\logback-core\1.5.6\logback-core-1.5.6.jar;C:\Users\archi\.m2\repository\org\apache\logging\log4j\log4j-to-slf4j\2.23.1\log4j-to-slf4j-2.23.1.jar;C:\Users\archi\.m2\repository\org\apache\logging\log4j\log4j-api\2.23.1\log4j-api-2.23.1.jar;C:\Users\archi\.m2\repository\org\slf4j\jul-to-slf4j\2.0.13\jul-to-slf4j-2.0.13.jar;C:\Users\archi\.m2\repository\jakarta\annotation\jakarta.annotation-api\2.1.1\jakarta.annotation-api-2.1.1.jar;C:\Users\archi\.m2\repository\org\yaml\snakeyaml\2.2\snakeyaml-2.2.jar;C:\Users\archi\.m2\repository\io\lettuce\lettuce-core\6.3.2.RELEASE\lettuce-core-6.3.2.RELEASE.jar;C:\Users\archi\.m2\repository\io\projectreactor\reactor-core\3.6.8\reactor-core-3.6.8.jar;C:\Users\archi\.m2\repository\org\springframework\data\spring-data-redis\3.3.2\spring-data-redis-3.3.2.jar;C:\Users\archi\.m2\repository\org\springframework\data\spring-data-keyvalue\3.3.2\spring-data-keyvalue-3.3.2.jar;C:\Users\archi\.m2\repository\org\springframework\data\spring-data-commons\3.3.2\spring-data-commons-3.3.2.jar;C:\Users\archi\.m2\repository\org\springframework\spring-tx\6.1.11\spring-tx-6.1.11.jar;C:\Users\archi\.m2\repository\org\springframework\spring
Launcher Type: SUN_STANDARD

[Global flags]
     intx CICompilerCount                          = 4                                         {product} {ergonomic}
     uint ConcGCThreads                            = 3                                         {product} {ergonomic}
     uint G1ConcRefinementThreads                  = 10                                        {product} {ergonomic}
   size_t G1HeapRegionSize                         = 2097152                                   {product} {ergonomic}
    uintx GCDrainStackTargetSize                   = 64                                        {product} {ergonomic}
   size_t InitialHeapSize                          = 257949696                                 {product} {ergonomic}
     bool ManagementServer                         = true                                      {product} {command line}
   size_t MarkStackSize                            = 4194304                                   {product} {ergonomic}
   size_t MaxHeapSize                              = 4112515072                                {product} {ergonomic}
   size_t MinHeapDeltaBytes                        = 2097152                                   {product} {ergonomic}
   size_t MinHeapSize                              = 8388608                                   {product} {ergonomic}
    uintx NonProfiledCodeHeapSize                  = 0                                      {pd product} {ergonomic}
     bool ProfileInterpreter                       = false                                  {pd product} {command line}
    uintx ProfiledCodeHeapSize                     = 0                                      {pd product} {ergonomic}
   size_t SoftMaxHeapSize                          = 4112515072                             {manageable} {ergonomic}
     intx TieredStopAtLevel                        = 1                                         {product} {command line}
     bool UseCompressedClassPointers               = true                           {product lp64_product} {ergonomic}
     bool UseCompressedOops                        = true                           {product lp64_product} {ergonomic}
     bool UseG1GC                                  = true                                      {product} {ergonomic}
     bool UseLargePagesIndividualAllocation        = false                                  {pd product} {ergonomic}

Logging:
Log output configuration:
 #0: stdout all=warning uptime,level,tags
 #1: stderr all=off uptime,level,tags

Environment Variables:
JAVA_HOME=E:\jdk17
CLASSPATH=.;
PATH=C:\Program Files (x86)\Common Files\Oracle\Java\java8path;C:\Program Files (x86)\Common Files\Oracle\Java\javapath;E:\VMware\bin\;C:\Program Files\Microsoft\jdk-11.0.16.101-hotspot\bin;C:\WINDOWS\system32;C:\WINDOWS;C:\WINDOWS\System32\Wbem;C:\WINDOWS\System32\WindowsPowerShell\v1.0\;C:\WINDOWS\System32\OpenSSH\;E:\sqlite;D:\Python;E:\git\Git\cmd;%JAVA_HOME%\bin;G:\PC\apache-tomcat-10.1.20-windows-x64\apache-tomcat-10.1.20\bin;C:\Program Files\dotnet\;C:\Program Files\mingw64\bin;E:\qt\6.5.1\mingw_64;E:\qt\Tools\CMake_64\bin\;E:\qt\Tools\mingw1120_64\bin\;E:\Graphviz\bin;C:\Program Files\MySQL\MySQL Server 8.1\bin;E:\Python\Scripts\django-admin.exe;E:\ffmpeg-master-latest-win64-gpl\bin;C:\Program Files\Git\cmd;C:\Program Files (x86)\Windows Kits\10\Windows Performance Toolkit\;E:\Nodejs\;C:\Program Files\Microsoft SQL Server\150\Tools\Binn\;C:\Program Files\Microsoft SQL Server\Client SDK\ODBC\170\Tools\Binn\;G:\SecureCRT\;E:\Python\Scripts\;E:\Python\;C:\Users\archi\AppData\Local\Microsoft\WindowsApps;E:\CLion\CLion 2022.2.4\bin;;E:\Pycharm\PyCharm 2023.2.5\bin;;E:\IDEA\IntelliJ IDEA Community Edition 2023.1\bin;;C:\Users\archi\AppData\Local\GitHubDesktop\bin;E:\IDEA Enterprise\IntelliJ IDEA 2023.1\bin;;C:\Program Files\Azure Data Studio\bin;C:\Program Files\Azure Data Studio\bin;E:\VSCode\Microsoft VS Code\bin;E:\Rider\JetBrains Rider 2023.2.3\bin;;E:\jdk17\bin;E:\dev\flutter\bin;G:\Bangzip\;C:\Users\archi\.dotnet\tools;C:\Users\archi\AppData\Roaming\npm
USERNAME=archi
OS=Windows_NT
PROCESSOR_IDENTIFIER=AMD64 Family 25 Model 80 Stepping 0, AuthenticAMD
TMP=C:\Users\archi\AppData\Local\Temp
TEMP=C:\Users\archi\AppData\Local\Temp



Periodic native trim disabled


---------------  S Y S T E M  ---------------

OS:
 Windows 11 , 64 bit Build 22621 (10.0.22621.3672)
OS uptime: 7 days 19:55 hours
Hyper-V role detected

CPU: total 12 (initial active 12) (12 cores per cpu, 2 threads per core) family 25 model 80 stepping 0 microcode 0x0, cx8, cmov, fxsr, ht, mmx, 3dnowpref, sse, sse2, sse3, ssse3, sse4a, sse4.1, sse4.2, popcnt, lzcnt, tsc, tscinvbit, avx, avx2, aes, erms, clmul, bmi1, bmi2, adx, sha, fma, vzeroupper, clflush, clflushopt, hv
Processor Information for all 12 processors :
  Max Mhz: 2301, Current Mhz: 2301, Mhz Limit: 2301

Memory: 4k page, system-wide physical 15681M (1603M free)
TotalPageFile size 30696M (AvailPageFile size 240M)
current process WorkingSet (physical memory assigned to process): 12M, peak: 12M
current process commit charge ("private bytes"): 59M, peak: 305M

vm_info: OpenJDK 64-Bit Server VM (17.0.10+7-adhoc..jdk17u) for windows-amd64 JRE (17.0.10+7-adhoc..jdk17u), built on Jan 24 2024 08:51:31 by "" with MS VC++ 16.10 / 16.11 (VS2019)

END.
